This is pdfTeX, Version 3.141592653-2.6-1.40.24 (MiKTeX 22.3) (preloaded format=pdflatex 2023.11.19)  25 NOV 2023 03:16
entering extended mode
 restricted \write18 enabled.
 file:line:error style messages enabled.
 %&-line parsing enabled.
**c:/Users/Marc/Documents/GitHub/BachelorThesisLatex/main/main.tex
(c:/Users/Marc/Documents/GitHub/BachelorThesisLatex/main/main.tex
LaTeX2e <2023-06-01> patch level 1
L3 programming layer <2023-08-29>
(C:\Users\Marc\Documents\MikeTeX\tex/latex/tuda-ci\tudapub.cls (C:\Users\Marc\Documents\MikeTeX\tex/latex/l3kernel\expl3.sty
Package: expl3 2023-08-29 L3 programming layer (loader) 
 (C:\Users\Marc\Documents\MikeTeX\tex/latex/l3backend\l3backend-pdftex.def
File: l3backend-pdftex.def 2023-04-19 L3 backend support: PDF output (pdfTeX)
\l__color_backend_stack_int=\count185
\l__pdf_internal_box=\box51
))
Document Class: tudapub 2023/07/12 v3.34 Publications using TU Darmstadt's Corporate Design (TUDa-CI)
(C:\Users\Marc\Documents\MikeTeX\tex/latex/l3packages/l3keys2e\l3keys2e.sty
Package: l3keys2e 2023-08-29 LaTeX2e option processing using LaTeX3 keys
) (C:\Users\Marc\Documents\MikeTeX\tex/latex/urcls\URspecialopts.sty
Package: URspecialopts 2019/01/22 v2.1 Implementation of keyval-options accepting multiple values as grouped clists
 (C:\Users\Marc\Documents\MikeTeX\tex/latex/l3packages/xparse\xparse.sty
Package: xparse 2023-08-29 L3 Experimental document command parser
))
\g_ptxcd_ruledheaders_int=\count186
\g_ptxcd_paper_int=\count187
 (C:\Users\Marc\Documents\MikeTeX\tex/latex/koma-script\scrreprt.cls
Document Class: scrreprt 2023/07/07 v3.41 KOMA-Script document class (report)
(C:\Users\Marc\Documents\MikeTeX\tex/latex/koma-script\scrkbase.sty
Package: scrkbase 2023/07/07 v3.41 KOMA-Script package (KOMA-Script-dependent basics and keyval usage)
 (C:\Users\Marc\Documents\MikeTeX\tex/latex/koma-script\scrbase.sty
Package: scrbase 2023/07/07 v3.41 KOMA-Script package (KOMA-Script-independent basics and keyval usage)
 (C:\Users\Marc\Documents\MikeTeX\tex/latex/koma-script\scrlfile.sty
Package: scrlfile 2023/07/07 v3.41 KOMA-Script package (file load hooks)
 (C:\Users\Marc\Documents\MikeTeX\tex/latex/koma-script\scrlfile-hook.sty
Package: scrlfile-hook 2023/07/07 v3.41 KOMA-Script package (using LaTeX hooks)
 (C:\Users\Marc\Documents\MikeTeX\tex/latex/koma-script\scrlogo.sty
Package: scrlogo 2023/07/07 v3.41 KOMA-Script package (logo)
))) (C:\Users\Marc\Documents\MikeTeX\tex/latex/graphics\keyval.sty
Package: keyval 2022/05/29 v1.15 key=value parser (DPC)
\KV@toks@=\toks17
)
Applying: [2021/05/01] Usage of raw or classic option list on input line 252.
Already applied: [0000/00/00] Usage of raw or classic option list on input line 368.
)) (C:\Users\Marc\Documents\MikeTeX\tex/latex/koma-script\tocbasic.sty
Package: tocbasic 2023/07/07 v3.41 KOMA-Script package (handling toc-files)
\scr@dte@tocline@numberwidth=\skip48
\scr@dte@tocline@numbox=\box52
)
Package tocbasic Info: omitting babel extension for `toc'
(tocbasic)             because of feature `nobabel' available
(tocbasic)             for `toc' on input line 135.
Class scrreprt Info: File `scrsize11pt.clo' used to setup font sizes on input line 2688.
 (C:\Users\Marc\Documents\MikeTeX\tex/latex/koma-script\scrsize11pt.clo
File: scrsize11pt.clo 2023/07/07 v3.41 KOMA-Script font size class option (11pt)
) (C:\Users\Marc\Documents\MikeTeX\tex/latex/koma-script\typearea.sty
Package: typearea 2023/07/07 v3.41 KOMA-Script package (type area)
\ta@bcor=\skip49
\ta@div=\count188
\ta@hblk=\skip50
\ta@vblk=\skip51
\ta@temp=\skip52
\footheight=\skip53
Package typearea Info: These are the values describing the layout:
(typearea)             DIV  = 10
(typearea)             BCOR = 0.0pt
(typearea)             \paperwidth      = 597.50793pt
(typearea)              \textwidth      = 418.25555pt
(typearea)              DIV departure   = -6%
(typearea)              \evensidemargin = 17.3562pt
(typearea)              \oddsidemargin  = 17.3562pt
(typearea)             \paperheight     = 845.04694pt
(typearea)              \textheight     = 595.80026pt
(typearea)              \topmargin      = -25.16531pt
(typearea)              \headheight     = 17.0pt
(typearea)              \headsep        = 20.40001pt
(typearea)              \topskip        = 11.0pt
(typearea)              \footskip       = 47.6pt
(typearea)              \baselineskip   = 13.6pt
(typearea)              on input line 1799.
)
\c@part=\count189
\c@chapter=\count190
\c@section=\count191
\c@subsection=\count192
\c@subsubsection=\count193
\c@paragraph=\count194
\c@subparagraph=\count195
\scr@dte@chapter@maxnumwidth=\skip54
Class scrreprt Info: using compatibility default `afterindent=bysign'
(scrreprt)           for `\chapter on input line 5994.
\scr@dte@section@maxnumwidth=\skip55
Class scrreprt Info: using compatibility default `runin=bysign'
(scrreprt)           for `\section on input line 6005.
Class scrreprt Info: using compatibility default `afterindent=bysign'
(scrreprt)           for `\section on input line 6005.
\scr@dte@part@maxnumwidth=\skip56
Class scrreprt Info: using compatibility default `afterindent=true'
(scrreprt)           for `\part on input line 6014.
\scr@dte@subsection@maxnumwidth=\skip57
Class scrreprt Info: using compatibility default `runin=bysign'
(scrreprt)           for `\subsection on input line 6024.
Class scrreprt Info: using compatibility default `afterindent=bysign'
(scrreprt)           for `\subsection on input line 6024.
\scr@dte@subsubsection@maxnumwidth=\skip58
Class scrreprt Info: using compatibility default `runin=bysign'
(scrreprt)           for `\subsubsection on input line 6034.
Class scrreprt Info: using compatibility default `afterindent=bysign'
(scrreprt)           for `\subsubsection on input line 6034.
\scr@dte@paragraph@maxnumwidth=\skip59
Class scrreprt Info: using compatibility default `runin=bysign'
(scrreprt)           for `\paragraph on input line 6045.
Class scrreprt Info: using compatibility default `afterindent=bysign'
(scrreprt)           for `\paragraph on input line 6045.
\scr@dte@subparagraph@maxnumwidth=\skip60
Class scrreprt Info: using compatibility default `runin=bysign'
(scrreprt)           for `\subparagraph on input line 6055.
Class scrreprt Info: using compatibility default `afterindent=bysign'
(scrreprt)           for `\subparagraph on input line 6055.
\abovecaptionskip=\skip61
\belowcaptionskip=\skip62
\c@pti@nb@sid@b@x=\box53
Package tocbasic Info: omitting babel extension for `lof'
(tocbasic)             because of feature `nobabel' available
(tocbasic)             for `lof' on input line 7240.
\scr@dte@figure@maxnumwidth=\skip63
\c@figure=\count196
Package tocbasic Info: omitting babel extension for `lot'
(tocbasic)             because of feature `nobabel' available
(tocbasic)             for `lot' on input line 7257.
\scr@dte@table@maxnumwidth=\skip64
\c@table=\count197
Class scrreprt Info: Redefining `\numberline' on input line 7428.
\bibindent=\dimen140
) (C:\Users\Marc\Documents\MikeTeX\tex/latex/tuda-ci\tudarules.sty
Package: tudarules 2023/07/12 v3.34 Creation of colored bars for tuda-ci bundle
\g_ptxcd_titlerule_dim=\dimen141
\c_ptxcd_largerule_dim=\dimen142
\c_ptxcd_rulesep_dim=\dimen143
\c_ptxcd_smallrule_dim=\dimen144
\c_ptxcd_logoheight_dim=\dimen145
 (C:\Users\Marc\Documents\MikeTeX\tex/latex/tuda-ci\tudacolors.sty
Package: tudacolors 2023/07/12 v3.34 Color definition for TU Darmstadt's tuda-ci bundle
 (C:\Users\Marc\Documents\MikeTeX\tex/latex/xcolor\xcolor.sty
Package: xcolor 2022/06/12 v2.14 LaTeX color extensions (UK)
 (C:\Users\Marc\Documents\MikeTeX\tex/latex/graphics-cfg\color.cfg
File: color.cfg 2016/01/02 v1.6 sample color configuration
)
Package xcolor Info: Driver file: pdftex.def on input line 227.
 (C:\Users\Marc\Documents\MikeTeX\tex/latex/graphics-def\pdftex.def
File: pdftex.def 2022/09/22 v1.2b Graphics/color driver for pdftex
) (C:\Users\Marc\Documents\MikeTeX\tex/latex/graphics\mathcolor.ltx)
Package xcolor Info: Model `cmy' substituted by `cmy0' on input line 1353.
Package xcolor Info: Model `hsb' substituted by `rgb' on input line 1357.
Package xcolor Info: Model `RGB' extended on input line 1369.
Package xcolor Info: Model `HTML' substituted by `rgb' on input line 1371.
Package xcolor Info: Model `Hsb' substituted by `hsb' on input line 1372.
Package xcolor Info: Model `tHsb' substituted by `hsb' on input line 1373.
Package xcolor Info: Model `HSB' substituted by `hsb' on input line 1374.
Package xcolor Info: Model `Gray' substituted by `gray' on input line 1375.
Package xcolor Info: Model `wave' substituted by `hsb' on input line 1376.
) (C:\Users\Marc\Documents\MikeTeX\tex/latex/tuda-ci\tudacolors.def
File: tudacolors.def 2023/07/12 3.34 Color definitions for tuda-ci
))
\l_ptxcd_headrule_width_dim=\dimen146
) (C:\Users\Marc\Documents\MikeTeX\tex/latex/tuda-ci\tudafonts.sty
Package: tudafonts 2023/07/12 3.34 font loading for TUDa-CI, TU Darmstadt's Corporate Design
 (C:\Users\Marc\Documents\MikeTeX\tex/generic/iftex\iftex.sty
Package: iftex 2022/02/03 v1.0f TeX engine tests
) (C:\Users\Marc\Documents\MikeTeX\tex/latex/anyfontsize\anyfontsize.sty
Package: anyfontsize 2007/11/22 anyfontsize.sty by pts
)
   defining Unicode char U+20AC (decimal 8364)
 (C:\Users\Marc\Documents\MikeTeX\tex/latex/xcharter\XCharter.sty
Package: XCharter 2023/07/21 v1.25
 `XCharter' v1.25, 2023/07/21 Text macros for XCharter, an extension of Charter (msharpe) (C:\Users\Marc\Documents\MikeTeX\tex/latex/xkeyval\xkeyval.sty
Package: xkeyval 2022/06/16 v2.9 package option processing (HA)
 (C:\Users\Marc\Documents\MikeTeX\tex/generic/xkeyval\xkeyval.tex (C:\Users\Marc\Documents\MikeTeX\tex/generic/xkeyval\xkvutils.tex
\XKV@toks=\toks18
\XKV@tempa@toks=\toks19
)
\XKV@depth=\count198
File: xkeyval.tex 2014/12/03 v2.7a key=value parser (HA)
)) (C:\Users\Marc\Documents\MikeTeX\tex/latex/etoolbox\etoolbox.sty
Package: etoolbox 2020/10/05 v2.5k e-TeX tools for LaTeX (JAW)
\etb@tempcnta=\count199
) (C:\Users\Marc\Documents\MikeTeX\tex/latex/base\textcomp.sty
Package: textcomp 2020/02/02 v2.0n Standard LaTeX package
) (C:\Users\Marc\Documents\MikeTeX\tex/latex/xstring\xstring.sty (C:\Users\Marc\Documents\MikeTeX\tex/generic/xstring\xstring.tex
\xs_counta=\count266
\xs_countb=\count267
)
Package: xstring 2023/08/22 v1.86 String manipulations (CT)
) (C:\Users\Marc\Documents\MikeTeX\tex/latex/base\ifthen.sty
Package: ifthen 2022/04/13 v1.1d Standard LaTeX ifthen package (DPC)
) (C:\Users\Marc\Documents\MikeTeX\tex/latex/carlisle\scalefnt.sty) (C:\Users\Marc\Documents\MikeTeX\tex/latex/base\fontenc.sty
Package: fontenc 2021/04/29 v2.0v Standard LaTeX package
)
LaTeX Font Info:    Setting XCharter-LF sub-encoding to TS1/0 on input line 37.
LaTeX Font Info:    Changing XCharter-TLF sub-encoding to TS1/0 on input line 37.
LaTeX Font Info:    Setting XCharter-OsF sub-encoding to TS1/0 on input line 37.
LaTeX Font Info:    Changing XCharter-TOsF sub-encoding to TS1/0 on input line 37.
\xch@cnt=\count268
 (C:\Users\Marc\Documents\MikeTeX\tex/latex/fontaxes\fontaxes.sty
Package: fontaxes 2020/07/21 v1.0e Font selection axes
LaTeX Info: Redefining \upshape on input line 29.
LaTeX Info: Redefining \itshape on input line 31.
LaTeX Info: Redefining \slshape on input line 33.
LaTeX Info: Redefining \swshape on input line 35.
LaTeX Info: Redefining \scshape on input line 37.
LaTeX Info: Redefining \sscshape on input line 39.
LaTeX Info: Redefining \ulcshape on input line 41.
LaTeX Info: Redefining \textsw on input line 47.
LaTeX Info: Redefining \textssc on input line 48.
LaTeX Info: Redefining \textulc on input line 49.
)
LaTeX Info: Redefining \textsu on input line 737.
LaTeX Info: Redefining \textde on input line 740.
LaTeX Info: Redefining \textinf on input line 742.
) (C:\Users\Marc\Documents\MikeTeX\tex/latex/microtype\microtype.sty
Package: microtype 2023/03/13 v3.1a Micro-typographical refinements (RS)
\MT@toks=\toks20
\MT@tempbox=\box54
\MT@count=\count269
LaTeX Info: Redefining \noprotrusionifhmode on input line 1059.
LaTeX Info: Redefining \leftprotrusion on input line 1060.
\MT@prot@toks=\toks21
LaTeX Info: Redefining \rightprotrusion on input line 1078.
LaTeX Info: Redefining \textls on input line 1368.
\MT@outer@kern=\dimen147
LaTeX Info: Redefining \textmicrotypecontext on input line 1988.
\MT@listname@count=\count270
 (C:\Users\Marc\Documents\MikeTeX\tex/latex/microtype\microtype-pdftex.def
File: microtype-pdftex.def 2023/03/13 v3.1a Definitions specific to pdftex (RS)
LaTeX Info: Redefining \lsstyle on input line 902.
LaTeX Info: Redefining \lslig on input line 902.
\MT@outer@space=\skip65
)
Package microtype Info: Loading configuration file microtype.cfg.
 (C:\Users\Marc\Documents\MikeTeX\tex/latex/microtype\microtype.cfg
File: microtype.cfg 2023/03/13 v3.1a microtype main configuration file (RS)
)) (C:\Users\Marc\Documents\MikeTeX\tex/latex/roboto\roboto.sty
Package: roboto 2022/09/10 (Bob Tennent) Supports Roboto fonts for all LaTeX engines.
 (C:\Users\Marc\Documents\MikeTeX\tex/generic/iftex\ifxetex.sty
Package: ifxetex 2019/10/25 v0.7 ifxetex legacy package. Use iftex instead.
) (C:\Users\Marc\Documents\MikeTeX\tex/generic/iftex\ifluatex.sty
Package: ifluatex 2019/10/25 v1.5 ifluatex legacy package. Use iftex instead.
) (C:\Users\Marc\Documents\MikeTeX\tex/latex/base\fontenc.sty
Package: fontenc 2021/04/29 v2.0v Standard LaTeX package
LaTeX Font Info:    Trying to load font information for T1+XCharter-TLF on input line 112.
 (C:\Users\Marc\Documents\MikeTeX\tex/latex/xcharter\t1xcharter-tlf.fd
File: T1XCharter-TLF.fd 2017/06/25 (autoinst) Font definitions for T1/XCharter-TLF.
)
LaTeX Font Info:    Font shape `T1/XCharter-TLF/m/n' will be
(Font)              scaled to size 10.95pt on input line 112.
)) (C:\Users\Marc\Documents\MikeTeX\tex/latex/roboto\roboto-mono.sty
Package: roboto-mono 2022/09/10 (Bob Tennent) Supports RobotoMono fonts for all LaTeX engines.
 (C:\Users\Marc\Documents\MikeTeX\tex/latex/base\fontenc.sty
Package: fontenc 2021/04/29 v2.0v Standard LaTeX package
))
LaTeX Info: Redefining \LaTeX on input line 89.
)
\g_ptxcd_marginpar_dim=\dimen148
\g_ptxcd_innerMargin_dim=\dimen149
\g_ptxcd_outerMargin_dim=\dimen150
\g_ptxcd_bottomMargin_dim=\dimen151
\g_ptxcd_topMargin_dim=\dimen152
\g_ptxcd_columnSep_dim=\dimen153
\g_ptxcd_headheight_dim=\dimen154
\g_ptxcd_headwidth_dim=\dimen155
 (C:\Users\Marc\Documents\MikeTeX\tex/latex/koma-script\scrlayer-scrpage.sty
Package: scrlayer-scrpage 2023/07/07 v3.41 KOMA-Script package (end user interface for scrlayer)
 (C:\Users\Marc\Documents\MikeTeX\tex/latex/koma-script\scrlayer.sty
Package: scrlayer 2023/07/07 v3.41 KOMA-Script package (defining layers and page styles)
Package scrlayer Info: patching LaTeX kernel macro \pagestyle on input line 2183.
)
Package scrlayer-scrpage Info: Makeing stand-alone element `pagehead' from
(scrlayer-scrpage)             alias to `pageheadfoot' on input line 1106.
)
Package typearea Info: These are the values describing the layout:
(typearea)             DIV  = 10
(typearea)             BCOR = 0.0pt
(typearea)             \paperwidth      = 597.50793pt
(typearea)              \textwidth      = 418.25555pt
(typearea)              DIV departure   = -7%
(typearea)              \evensidemargin = 17.3562pt
(typearea)              \oddsidemargin  = 17.3562pt
(typearea)             \paperheight     = 845.04694pt
(typearea)              \textheight     = 514.20023pt
(typearea)              \topmargin      = 12.2347pt
(typearea)              \headheight     = 17.0pt
(typearea)              \headsep        = 20.40001pt
(typearea)              \topskip        = 11.0pt
(typearea)              \footskip       = 47.6pt
(typearea)              \baselineskip   = 13.6pt
(typearea)              on input line 422.
\l__ptxcd_titlegraphic_box=\box55
 (C:\Users\Marc\Documents\MikeTeX\tex/latex/adjustbox\trimclip.sty
Package: trimclip 2020/08/19 v1.2 Trim and clip general TeX material
 (C:\Users\Marc\Documents\MikeTeX\tex/latex/graphics\graphicx.sty
Package: graphicx 2021/09/16 v1.2d Enhanced LaTeX Graphics (DPC,SPQR)
 (C:\Users\Marc\Documents\MikeTeX\tex/latex/graphics\graphics.sty
Package: graphics 2022/03/10 v1.4e Standard LaTeX Graphics (DPC,SPQR)
 (C:\Users\Marc\Documents\MikeTeX\tex/latex/graphics\trig.sty
Package: trig 2021/08/11 v1.11 sin cos tan (DPC)
) (C:\Users\Marc\Documents\MikeTeX\tex/latex/graphics-cfg\graphics.cfg
File: graphics.cfg 2016/06/04 v1.11 sample graphics configuration
)
Package graphics Info: Driver file: pdftex.def on input line 107.
)
\Gin@req@height=\dimen156
\Gin@req@width=\dimen157
) (C:\Users\Marc\Documents\MikeTeX\tex/latex/collectbox\collectbox.sty
Package: collectbox 2022/10/17 v0.4c Collect macro arguments as boxes
\collectedbox=\box56
) (C:\Users\Marc\Documents\MikeTeX\tex/latex/adjustbox\adjcalc.sty
Package: adjcalc 2012/05/16 v1.1 Provides advanced setlength with multiple back-ends (calc, etex, pgfmath)
)
\tc@llx=\dimen158
\tc@lly=\dimen159
\tc@urx=\dimen160
\tc@ury=\dimen161
Package trimclip Info: Using driver 'tc-pdftex.def'.
 (C:\Users\Marc\Documents\MikeTeX\tex/latex/adjustbox\tc-pdftex.def
File: tc-pdftex.def 2019/01/04 v2.2 Clipping driver for pdftex
))
\g_ptxcd_title_box=\box57
\g_ptxcd_title_fill_skip=\skip66
 (C:\Users\Marc\Documents\MikeTeX\tex/latex/tuda-ci\tuda-a4paper.clo
File: tuda-a4paper.clo 2023/07/12 v3.34 tuda-ci size adjustments for a4paper
)
\g_ptxcd_title_info_box=\box58
\ptxcd_title_headline_box=\box59
 (C:\Users\Marc\Documents\MikeTeX\tex/latex/pdfx\pdfx.sty
Package: pdfx 2019/02/27 v1.6.3 PDF/X and PDF/A support (CVR/HTH/RRM/PS)
\pdfx@minorversion=\count271
 (C:\Users\Marc\Documents\MikeTeX\tex/generic/iftex\ifpdf.sty
Package: ifpdf 2019/10/25 v3.4 ifpdf legacy package. Use iftex instead.
) (C:\Users\Marc\Documents\MikeTeX\tex/latex/everyshi\everyshi.sty
Package: everyshi 2020/11/18 v4.00 EveryShipout Package
){C:/Users/Marc/AppData/Local/MiKTeX/fonts/map/pdftex/pdftex.map} (C:\Users\Marc\Documents\MikeTeX\tex/latex/base\inputenc.sty
Package: inputenc 2021/02/14 v1.3d Input encoding file
\inpenc@prehook=\toks22
\inpenc@posthook=\toks23
) (C:\Users\Marc\Documents\MikeTeX\tex/latex/pdfx\l8u-penc.def
File: l8u-penc.def 2017/06/23 v0.8 Custom LaTeX file, for UTF8 encoded letters and symbols
LaTeX Info: Composite with undeclared \b in encoding L8U on input line 278.
)
\pdfxsafeforxmp@toks=\toks24
\pdfx@tmptoks=\toks25
 (C:\Users\Marc\Documents\MikeTeX\tex/latex/hyperref\hyperref.sty
Package: hyperref 2023-07-08 v7.01b Hypertext links for LaTeX
 (C:\Users\Marc\Documents\MikeTeX\tex/generic/ltxcmds\ltxcmds.sty
Package: ltxcmds 2020-05-10 v1.25 LaTeX kernel commands for general use (HO)
) (C:\Users\Marc\Documents\MikeTeX\tex/generic/pdftexcmds\pdftexcmds.sty
Package: pdftexcmds 2020-06-27 v0.33 Utility functions of pdfTeX for LuaTeX (HO)
 (C:\Users\Marc\Documents\MikeTeX\tex/generic/infwarerr\infwarerr.sty
Package: infwarerr 2019/12/03 v1.5 Providing info/warning/error messages (HO)
)
Package pdftexcmds Info: \pdf@primitive is available.
Package pdftexcmds Info: \pdf@ifprimitive is available.
Package pdftexcmds Info: \pdfdraftmode found.
) (C:\Users\Marc\Documents\MikeTeX\tex/latex/kvsetkeys\kvsetkeys.sty
Package: kvsetkeys 2022-10-05 v1.19 Key value parser (HO)
) (C:\Users\Marc\Documents\MikeTeX\tex/generic/kvdefinekeys\kvdefinekeys.sty
Package: kvdefinekeys 2019-12-19 v1.6 Define keys (HO)
) (C:\Users\Marc\Documents\MikeTeX\tex/generic/pdfescape\pdfescape.sty
Package: pdfescape 2019/12/09 v1.15 Implements pdfTeX's escape features (HO)
) (C:\Users\Marc\Documents\MikeTeX\tex/latex/hycolor\hycolor.sty
Package: hycolor 2020-01-27 v1.10 Color options for hyperref/bookmark (HO)
) (C:\Users\Marc\Documents\MikeTeX\tex/latex/letltxmacro\letltxmacro.sty
Package: letltxmacro 2019/12/03 v1.6 Let assignment for LaTeX macros (HO)
) (C:\Users\Marc\Documents\MikeTeX\tex/latex/auxhook\auxhook.sty
Package: auxhook 2019-12-17 v1.6 Hooks for auxiliary files (HO)
) (C:\Users\Marc\Documents\MikeTeX\tex/latex/hyperref\nameref.sty
Package: nameref 2023-08-07 v2.53 Cross-referencing by name of section
 (C:\Users\Marc\Documents\MikeTeX\tex/latex/refcount\refcount.sty
Package: refcount 2019/12/15 v3.6 Data extraction from label references (HO)
) (C:\Users\Marc\Documents\MikeTeX\tex/generic/gettitlestring\gettitlestring.sty
Package: gettitlestring 2019/12/15 v1.6 Cleanup title references (HO)
 (C:\Users\Marc\Documents\MikeTeX\tex/latex/kvoptions\kvoptions.sty
Package: kvoptions 2022-06-15 v3.15 Key value format for package options (HO)
))
\c@section@level=\count272
)
\@linkdim=\dimen162
\Hy@linkcounter=\count273
\Hy@pagecounter=\count274
 (C:\Users\Marc\Documents\MikeTeX\tex/latex/hyperref\pd1enc.def
File: pd1enc.def 2023-07-08 v7.01b Hyperref: PDFDocEncoding definition (HO)
) (C:\Users\Marc\Documents\MikeTeX\tex/generic/intcalc\intcalc.sty
Package: intcalc 2019/12/15 v1.3 Expandable calculations with integers (HO)
)
\Hy@SavedSpaceFactor=\count275
 (C:\Users\Marc\Documents\MikeTeX\tex/latex/hyperref\puenc.def
File: puenc.def 2023-07-08 v7.01b Hyperref: PDF Unicode definition (HO)
)
Package hyperref Info: Option `pdfa' set `true' on input line 4050.
Package hyperref Info: Hyper figures OFF on input line 4167.
Package hyperref Info: Link nesting OFF on input line 4172.
Package hyperref Info: Hyper index ON on input line 4175.
Package hyperref Info: Plain pages OFF on input line 4182.
Package hyperref Info: Backreferencing OFF on input line 4187.
Package hyperref Info: Implicit mode ON; LaTeX internals redefined.
Package hyperref Info: Bookmarks ON on input line 4434.
\c@Hy@tempcnt=\count276
 (C:\Users\Marc\Documents\MikeTeX\tex/latex/url\url.sty
\Urlmuskip=\muskip16
Package: url 2013/09/16  ver 3.4  Verb mode for urls, etc.
)
LaTeX Info: Redefining \url on input line 4772.
\XeTeXLinkMargin=\dimen163
 (C:\Users\Marc\Documents\MikeTeX\tex/generic/bitset\bitset.sty
Package: bitset 2019/12/09 v1.3 Handle bit-vector datatype (HO)
 (C:\Users\Marc\Documents\MikeTeX\tex/generic/bigintcalc\bigintcalc.sty
Package: bigintcalc 2019/12/15 v1.5 Expandable calculations on big integers (HO)
))
\Fld@menulength=\count277
\Field@Width=\dimen164
\Fld@charsize=\dimen165
Package hyperref Info: Hyper figures OFF on input line 6051.
Package hyperref Info: Link nesting OFF on input line 6056.
Package hyperref Info: Hyper index ON on input line 6059.
Package hyperref Info: backreferencing OFF on input line 6066.
Package hyperref Info: Link coloring OFF on input line 6071.
Package hyperref Info: Link coloring with OCG OFF on input line 6076.
Package hyperref Info: PDF/A mode ON on input line 6079.
 (C:\Users\Marc\Documents\MikeTeX\tex/latex/base\atbegshi-ltx.sty
Package: atbegshi-ltx 2021/01/10 v1.0c Emulation of the original atbegshi
package with kernel methods
)
\Hy@abspage=\count278
\c@Item=\count279
\c@Hfootnote=\count280
)
Package hyperref Info: Driver: hpdftex.
 (C:\Users\Marc\Documents\MikeTeX\tex/latex/hyperref\hpdftex.def
File: hpdftex.def 2023-07-08 v7.01b Hyperref driver for pdfTeX
 (C:\Users\Marc\Documents\MikeTeX\tex/latex/base\atveryend-ltx.sty
Package: atveryend-ltx 2020/08/19 v1.0a Emulation of the original atveryend package
with kernel methods
)
\Fld@listcount=\count281
\c@bookmark@seq@number=\count282
 (C:\Users\Marc\Documents\MikeTeX\tex/latex/rerunfilecheck\rerunfilecheck.sty
Package: rerunfilecheck 2022-07-10 v1.10 Rerun checks for auxiliary files (HO)
 (C:\Users\Marc\Documents\MikeTeX\tex/generic/uniquecounter\uniquecounter.sty
Package: uniquecounter 2019/12/15 v1.4 Provide unlimited unique counter (HO)
)
Package uniquecounter Info: New unique counter `rerunfilecheck' on input line 285.
)
\Hy@SectionHShift=\skip67
)
Package hyperref Info: Option `unicode' set `true' on input line 1463.
 (C:\Users\Marc\Documents\MikeTeX\tex/generic/stringenc\stringenc.sty
Package: stringenc 2019/11/29 v1.12 Convert strings between diff. encodings (HO)
)
Package hyperref Info: Option `psdextra' set `true' on input line 1465.
 (C:\Users\Marc\Documents\MikeTeX\tex/latex/hyperref\psdextra.def
File: psdextra.def 2023-07-08 v7.01b Hyperref: Additions to PDF string support
) (C:\Users\Marc\Documents\MikeTeX\tex/generic/colorprofiles\colorprofiles.sty
Package: colorprofiles 2018/11/01 v1.0.1 color profiles for PDF/X and PDF/A support
 (C:\Users\Marc\Documents\MikeTeX\tex/generic/colorprofiles\colorprofiles.tex)) (C:\Users\Marc\Documents\MikeTeX\tex/generic/stringenc\se-pdfdoc.def
File: se-pdfdoc.def 2019/11/29 v1.12 stringenc: PDFDocEncoding
) (C:\Users\Marc\Documents\MikeTeX\tex/latex/pdfx\AdobeColorProfiles.tex) (C:\Users\Marc\Documents\MikeTeX\tex/latex/pdfx\8bit.def
File: 8bit.def 2008/03/30 v1.1d Input encoding file
)
** pdfx: Metadata file main.xmpdata read successfully.
(c:\Users\Marc\Documents\GitHub\BachelorThesisLatex\main\.aux\main.xmpdata)<<sRGB.icc>> (C:\Users\Marc\Documents\MikeTeX\tex/latex/pdfx\8bit.def
File: 8bit.def 2008/03/30 v1.1d Input encoding file
) (C:\Users\Marc\Documents\MikeTeX\tex/latex/pdfx\8bit.def
File: 8bit.def 2008/03/30 v1.1d Input encoding file
) (C:\Users\Marc\Documents\MikeTeX\tex/generic/stringenc\se-utf8.def
File: se-utf8.def 2019/11/29 v1.12 stringenc: UTF-8
)
Package hyperref Info: Option `unicode' set `true' on input line 2411.
Package hyperref Info: Option `unicode' set `true' on input line 2412.
 (C:\Users\Marc\Documents\MikeTeX\tex/latex/pdfx\8bit.def
File: 8bit.def 2008/03/30 v1.1d Input encoding file
) (C:\Users\Marc\Documents\MikeTeX\tex/generic/pdftex\glyphtounicode.tex) (C:\Users\Marc\Documents\MikeTeX\tex/latex/pdfx\glyphtounicode-cmr.tex) (C:\Users\Marc\Documents\MikeTeX\tex/latex/pdfx\glyphtounicode-ntx.tex) (C:\Users\Marc\Documents\MikeTeX\tex/latex/xmpincl\xmpincl.sty
Package: xmpincl 2021/09/22 v2.4 Include XMP data in pdflatex
) (C:\Users\Marc\Documents\MikeTeX\tex/latex/pdfx\8bit.def
File: 8bit.def 2008/03/30 v1.1d Input encoding file
)
Using XMP template file: pdfa.xmp
\xmpinclWrite=\write3
\xmpinclRead=\read2
\openout3 = `pdfa.xmpi'.

<<pdfa.xmpi>>)

Package tudapub Warning: You use pdfa-mode in PDFTeX.
(tudapub)                This can lead to incompatiblities especially with
(tudapub)                older compiler versions.
(tudapub)                You should prefer using lualatex.

Package hyperref Info: Option `unicode' set `true' on input line 876.
\g_ptxcd_sponsor_box=\box60
(C:\Users\Marc\Documents\MikeTeX\tex/latex/tuda-ci\tudathesis.cfg
File: tudathesis.cfg 2023/07/12 v3.34 SpecialFeaturesforpublicationtype'thesis'usingTUDarmstadt'sCorporateDesign(tuda-ci)
\g_ptxcd_thesis_institution_box=\box61
)
\g_ptxcd_PaperID_box=\box62
) (C:\Users\Marc\Documents\MikeTeX\tex/latex/base\inputenc.sty
Package: inputenc 2021/02/14 v1.3d Input encoding file
) (C:\Users\Marc\Documents\MikeTeX\tex/generic/babel\babel.sty
Package: babel 2023/09/29 v3.95 The Babel package
\babel@savecnt=\count283
\U@D=\dimen166
\l@unhyphenated=\language79
 (C:\Users\Marc\Documents\MikeTeX\tex/generic/babel\txtbabel.def)
\bbl@readstream=\read3
\bbl@dirlevel=\count284

*************************************
* Local config file bblopts.cfg used
*
(C:\Users\Marc\Documents\MikeTeX\tex/latex/arabi\bblopts.cfg
File: bblopts.cfg 2005/09/08 v0.1 add Arabic and Farsi to "declared" options of babel
)
Package babel Info: Main language set with 'main='. Except if you have
(babel)             problems, prefer the default mechanism for setting
(babel)             the main language, ie, as the last declared.
(babel)             Reported on input line 4203.
 (C:\Users\Marc\Documents\MikeTeX\tex/latex/babel-english\english.ldf
Language: english 2017/06/06 v3.3r English support from the babel system
Package babel Info: Hyphen rules for 'canadian' set to \l@english
(babel)             (\language0). Reported on input line 102.
Package babel Info: Hyphen rules for 'australian' set to \l@ukenglish
(babel)             (\language73). Reported on input line 105.
Package babel Info: Hyphen rules for 'newzealand' set to \l@ukenglish
(babel)             (\language73). Reported on input line 108.
) (C:\Users\Marc\Documents\MikeTeX\tex/latex/babel-german\ngerman.ldf
Language: ngerman 2021/02/27 v2.13 German support for babel (post-1996 orthography)
 (C:\Users\Marc\Documents\MikeTeX\tex/latex/babel-german\ngermanb.ldf
Language: ngermanb 2021/02/27 v2.13 German support for babel (post-1996 orthography)
Package babel Info: Making " an active character on input line 122.
))) (C:\Users\Marc\Documents\MikeTeX\tex/generic/babel/locale/de\babel-ngerman.tex
Package babel Info: Importing font and identification data for ngerman
(babel)             from babel-de.ini. Reported on input line 11.
) (C:\Users\Marc\Documents\MikeTeX\tex/generic/babel/locale/en\babel-english.tex
Package babel Info: Importing font and identification data for english
(babel)             from babel-en.ini. Reported on input line 11.
) (C:\Users\Marc\Documents\MikeTeX\tex/latex/csquotes\csquotes.sty
Package: csquotes 2022-09-14 v5.2n context-sensitive quotations (JAW)
\csq@reset=\count285
\csq@gtype=\count286
\csq@glevel=\count287
\csq@qlevel=\count288
\csq@maxlvl=\count289
\csq@tshold=\count290
\csq@ltx@everypar=\toks26
 (C:\Users\Marc\Documents\MikeTeX\tex/latex/csquotes\csquotes.def
File: csquotes.def 2022-09-14 v5.2n csquotes generic definitions (JAW)
)
Package csquotes Info: Trying to load configuration file 'csquotes.cfg'...
Package csquotes Info: ... configuration file loaded successfully.
 (C:\Users\Marc\Documents\MikeTeX\tex/latex/csquotes\csquotes.cfg
File: csquotes.cfg 
)
Package csquotes Info: Enabling multilingual quotes.
) (C:\Users\Marc\Documents\MikeTeX\tex/latex/biblatex\biblatex.sty
Package: biblatex 2023/03/05 v3.19 programmable bibliographies (PK/MW)
 (C:\Users\Marc\Documents\MikeTeX\tex/latex/logreq\logreq.sty
Package: logreq 2010/08/04 v1.0 xml request logger
\lrq@indent=\count291
 (C:\Users\Marc\Documents\MikeTeX\tex/latex/logreq\logreq.def
File: logreq.def 2010/08/04 v1.0 logreq spec v1.0
))
\c@tabx@nest=\count292
\c@listtotal=\count293
\c@listcount=\count294
\c@liststart=\count295
\c@liststop=\count296
\c@citecount=\count297
\c@citetotal=\count298
\c@multicitecount=\count299
\c@multicitetotal=\count300
\c@instcount=\count301
\c@maxnames=\count302
\c@minnames=\count303
\c@maxitems=\count304
\c@minitems=\count305
\c@citecounter=\count306
\c@maxcitecounter=\count307
\c@savedcitecounter=\count308
\c@uniquelist=\count309
\c@uniquename=\count310
\c@refsection=\count311
\c@refsegment=\count312
\c@maxextratitle=\count313
\c@maxextratitleyear=\count314
\c@maxextraname=\count315
\c@maxextradate=\count316
\c@maxextraalpha=\count317
\c@abbrvpenalty=\count318
\c@highnamepenalty=\count319
\c@lownamepenalty=\count320
\c@maxparens=\count321
\c@parenlevel=\count322
\blx@tempcnta=\count323
\blx@tempcntb=\count324
\blx@tempcntc=\count325
\c@blx@maxsection=\count326
\blx@maxsegment@0=\count327
\blx@notetype=\count328
\blx@parenlevel@text=\count329
\blx@parenlevel@foot=\count330
\blx@sectionciteorder@0=\count331
\blx@sectionciteorderinternal@0=\count332
\blx@entrysetcounter=\count333
\blx@biblioinstance=\count334
\labelnumberwidth=\skip68
\labelalphawidth=\skip69
\biblabelsep=\skip70
\bibitemsep=\skip71
\bibnamesep=\skip72
\bibinitsep=\skip73
\bibparsep=\skip74
\bibhang=\skip75
\blx@bcfin=\read4
\blx@bcfout=\write4
\blx@langwohyphens=\language80
\c@mincomprange=\count335
\c@maxcomprange=\count336
\c@mincompwidth=\count337
Package biblatex Info: Trying to load biblatex default data model...
Package biblatex Info: ... file 'blx-dm.def' found.
 (C:\Users\Marc\Documents\MikeTeX\tex/latex/biblatex\blx-dm.def
File: blx-dm.def 2023/03/05 v3.19 biblatex localization (PK/MW)
)
Package biblatex Info: Trying to load biblatex custom data model...
Package biblatex Info: ... file 'biblatex-dm.cfg' not found.
\c@afterword=\count338
\c@savedafterword=\count339
\c@annotator=\count340
\c@savedannotator=\count341
\c@author=\count342
\c@savedauthor=\count343
\c@bookauthor=\count344
\c@savedbookauthor=\count345
\c@commentator=\count346
\c@savedcommentator=\count347
\c@editor=\count348
\c@savededitor=\count349
\c@editora=\count350
\c@savededitora=\count351
\c@editorb=\count352
\c@savededitorb=\count353
\c@editorc=\count354
\c@savededitorc=\count355
\c@foreword=\count356
\c@savedforeword=\count357
\c@holder=\count358
\c@savedholder=\count359
\c@introduction=\count360
\c@savedintroduction=\count361
\c@namea=\count362
\c@savednamea=\count363
\c@nameb=\count364
\c@savednameb=\count365
\c@namec=\count366
\c@savednamec=\count367
\c@translator=\count368
\c@savedtranslator=\count369
\c@shortauthor=\count370
\c@savedshortauthor=\count371
\c@shorteditor=\count372
\c@savedshorteditor=\count373
\c@labelname=\count374
\c@savedlabelname=\count375
\c@institution=\count376
\c@savedinstitution=\count377
\c@lista=\count378
\c@savedlista=\count379
\c@listb=\count380
\c@savedlistb=\count381
\c@listc=\count382
\c@savedlistc=\count383
\c@listd=\count384
\c@savedlistd=\count385
\c@liste=\count386
\c@savedliste=\count387
\c@listf=\count388
\c@savedlistf=\count389
\c@location=\count390
\c@savedlocation=\count391
\c@organization=\count392
\c@savedorganization=\count393
\c@origlocation=\count394
\c@savedoriglocation=\count395
\c@origpublisher=\count396
\c@savedorigpublisher=\count397
\c@publisher=\count398
\c@savedpublisher=\count399
\c@language=\count400
\c@savedlanguage=\count401
\c@origlanguage=\count402
\c@savedoriglanguage=\count403
\c@pageref=\count404
\c@savedpageref=\count405
\shorthandwidth=\skip76
\shortjournalwidth=\skip77
\shortserieswidth=\skip78
\shorttitlewidth=\skip79
\shortauthorwidth=\skip80
\shorteditorwidth=\skip81
\locallabelnumberwidth=\skip82
\locallabelalphawidth=\skip83
\localshorthandwidth=\skip84
\localshortjournalwidth=\skip85
\localshortserieswidth=\skip86
\localshorttitlewidth=\skip87
\localshortauthorwidth=\skip88
\localshorteditorwidth=\skip89
Package biblatex Info: Trying to load compatibility code...
Package biblatex Info: ... file 'blx-compat.def' found.
 (C:\Users\Marc\Documents\MikeTeX\tex/latex/biblatex\blx-compat.def
File: blx-compat.def 2023/03/05 v3.19 biblatex compatibility (PK/MW)
)
Package biblatex Info: Trying to load generic definitions...
Package biblatex Info: ... file 'biblatex.def' found.
 (C:\Users\Marc\Documents\MikeTeX\tex/latex/biblatex\biblatex.def
File: biblatex.def 2023/03/05 v3.19 biblatex compatibility (PK/MW)
\c@textcitecount=\count406
\c@textcitetotal=\count407
\c@textcitemaxnames=\count408
\c@biburlbigbreakpenalty=\count409
\c@biburlbreakpenalty=\count410
\c@biburlnumpenalty=\count411
\c@biburlucpenalty=\count412
\c@biburllcpenalty=\count413
\biburlbigskip=\muskip17
\biburlnumskip=\muskip18
\biburlucskip=\muskip19
\biburllcskip=\muskip20
\c@smartand=\count414
)
Package biblatex Info: Trying to load bibliography style 'numeric'...
Package biblatex Info: ... file 'numeric.bbx' found.
 (C:\Users\Marc\Documents\MikeTeX\tex/latex/biblatex/bbx\numeric.bbx
File: numeric.bbx 2023/03/05 v3.19 biblatex bibliography style (PK/MW)
Package biblatex Info: Trying to load bibliography style 'standard'...
Package biblatex Info: ... file 'standard.bbx' found.
 (C:\Users\Marc\Documents\MikeTeX\tex/latex/biblatex/bbx\standard.bbx
File: standard.bbx 2023/03/05 v3.19 biblatex bibliography style (PK/MW)
\c@bbx:relatedcount=\count415
\c@bbx:relatedtotal=\count416
))
Package biblatex Info: Trying to load citation style 'numeric'...
Package biblatex Info: ... file 'numeric.cbx' found.
 (C:\Users\Marc\Documents\MikeTeX\tex/latex/biblatex/cbx\numeric.cbx
File: numeric.cbx 2023/03/05 v3.19 biblatex citation style (PK/MW)
Package biblatex Info: Redefining '\cite'.
Package biblatex Info: Redefining '\parencite'.
Package biblatex Info: Redefining '\footcite'.
Package biblatex Info: Redefining '\footcitetext'.
Package biblatex Info: Redefining '\smartcite'.
Package biblatex Info: Redefining '\supercite'.
Package biblatex Info: Redefining '\textcite'.
Package biblatex Info: Redefining '\textcites'.
Package biblatex Info: Redefining '\cites'.
Package biblatex Info: Redefining '\parencites'.
Package biblatex Info: Redefining '\smartcites'.
)
Package biblatex Info: Trying to load configuration file...
Package biblatex Info: ... file 'biblatex.cfg' found.
 (C:\Users\Marc\Documents\MikeTeX\tex/latex/biblatex\biblatex.cfg
File: biblatex.cfg 
)
Package biblatex Info: Input encoding 'utf8' detected.
Package biblatex Info: Document encoding is UTF8 ....
Package biblatex Info: ... and expl3
(biblatex)             2023-08-29 L3 programming layer (loader) 
(biblatex)             is new enough (at least 2020/04/06),
(biblatex)             setting 'casechanger=expl3'.
 (C:\Users\Marc\Documents\MikeTeX\tex/latex/biblatex\blx-case-expl3.sty
Package: blx-case-expl3 2023/03/05 v3.19 expl3 case changing code for biblatex
)) (C:\Users\Marc\Documents\MikeTeX\tex/latex/tools\tabularx.sty
Package: tabularx 2020/01/15 v2.11c `tabularx' package (DPC)
 (C:\Users\Marc\Documents\MikeTeX\tex/latex/tools\array.sty
Package: array 2022/09/04 v2.5g Tabular extension package (FMi)
\col@sep=\dimen167
\ar@mcellbox=\box63
\extrarowheight=\dimen168
\NC@list=\toks27
\extratabsurround=\skip90
\backup@length=\skip91
\ar@cellbox=\box64
)
\TX@col@width=\dimen169
\TX@old@table=\dimen170
\TX@old@col=\dimen171
\TX@target=\dimen172
\TX@delta=\dimen173
\TX@cols=\count417
\TX@ftn=\toks28
) (C:\Users\Marc\Documents\MikeTeX\tex/latex/booktabs\booktabs.sty
Package: booktabs 2020/01/12 v1.61803398 Publication quality tables
\heavyrulewidth=\dimen174
\lightrulewidth=\dimen175
\cmidrulewidth=\dimen176
\belowrulesep=\dimen177
\belowbottomsep=\dimen178
\aboverulesep=\dimen179
\abovetopsep=\dimen180
\cmidrulesep=\dimen181
\cmidrulekern=\dimen182
\defaultaddspace=\dimen183
\@cmidla=\count418
\@cmidlb=\count419
\@aboverulesep=\dimen184
\@belowrulesep=\dimen185
\@thisruleclass=\count420
\@lastruleclass=\count421
\@thisrulewidth=\dimen186
) (C:\Users\Marc\Documents\MikeTeX\tex/latex/psnfss\pifont.sty
Package: pifont 2020/03/25 PSNFSS-v9.3 Pi font support (SPQR) 
LaTeX Font Info:    Trying to load font information for U+pzd on input line 63.
 (C:\Users\Marc\Documents\MikeTeX\tex/latex/psnfss\upzd.fd
File: upzd.fd 2001/06/04 font definitions for U/pzd.
)
LaTeX Font Info:    Trying to load font information for U+psy on input line 64.
 (C:\Users\Marc\Documents\MikeTeX\tex/latex/psnfss\upsy.fd
File: upsy.fd 2001/06/04 font definitions for U/psy.
))
LaTeX Info: Redefining \oldstylenums on input line 67.
Package csquotes Info: Checking for multilingual support...
Package csquotes Info: ... found 'babel' package.
 (c:\Users\Marc\Documents\GitHub\BachelorThesisLatex\main\.aux\main.aux)
\openout1 = `main.aux'.

LaTeX Font Info:    Checking defaults for OML/cmm/m/it on input line 67.
LaTeX Font Info:    ... okay on input line 67.
LaTeX Font Info:    Checking defaults for OMS/cmsy/m/n on input line 67.
LaTeX Font Info:    ... okay on input line 67.
LaTeX Font Info:    Checking defaults for OT1/cmr/m/n on input line 67.
LaTeX Font Info:    ... okay on input line 67.
LaTeX Font Info:    Checking defaults for T1/cmr/m/n on input line 67.
LaTeX Font Info:    ... okay on input line 67.
LaTeX Font Info:    Checking defaults for TS1/cmr/m/n on input line 67.
LaTeX Font Info:    ... okay on input line 67.
LaTeX Font Info:    Checking defaults for OMX/cmex/m/n on input line 67.
LaTeX Font Info:    ... okay on input line 67.
LaTeX Font Info:    Checking defaults for U/cmr/m/n on input line 67.
LaTeX Font Info:    ... okay on input line 67.
LaTeX Font Info:    Checking defaults for PD1/pdf/m/n on input line 67.
LaTeX Font Info:    ... okay on input line 67.
LaTeX Font Info:    Checking defaults for PU/pdf/m/n on input line 67.
LaTeX Font Info:    ... okay on input line 67.
 (C:\Users\Marc\Documents\MikeTeX\tex/context/base/mkii\supp-pdf.mkii
[Loading MPS to PDF converter (version 2006.09.02).]
\scratchcounter=\count422
\scratchdimen=\dimen187
\scratchbox=\box65
\nofMPsegments=\count423
\nofMParguments=\count424
\everyMPshowfont=\toks29
\MPscratchCnt=\count425
\MPscratchDim=\dimen188
\MPnumerator=\count426
\makeMPintoPDFobject=\count427
\everyMPtoPDFconversion=\toks30
) (C:\Users\Marc\Documents\MikeTeX\tex/latex/epstopdf-pkg\epstopdf-base.sty
Package: epstopdf-base 2020-01-24 v2.11 Base part for package epstopdf
Package epstopdf-base Info: Redefining graphics rule for `.eps' on input line 485.
 (C:\Users\Marc\Documents\MikeTeX\tex/latex/00miktex\epstopdf-sys.cfg
File: epstopdf-sys.cfg 2021/03/18 v2.0 Configuration of epstopdf for MiKTeX
))
\c@mv@tabular=\count428
\c@mv@boldtabular=\count429
LaTeX Info: Redefining \microtypecontext on input line 67.
Package microtype Info: Applying patch `item' on input line 67.
Package microtype Info: Applying patch `toc' on input line 67.
Package microtype Info: Applying patch `eqnum' on input line 67.
Package microtype Info: Applying patch `footnote' on input line 67.
Package microtype Info: Applying patch `verbatim' on input line 67.
Package microtype Info: Generating PDF output.
Package microtype Info: Character protrusion enabled (level 2).
Package microtype Info: Using default protrusion set `alltext'.
Package microtype Info: Automatic font expansion enabled (level 2),
(microtype)             stretch: 20, shrink: 20, step: 1, non-selected.
Package microtype Info: Using default expansion set `alltext-nott'.
LaTeX Info: Redefining \showhyphens on input line 67.
Package microtype Info: No adjustment of tracking.
Package microtype Info: No adjustment of interword spacing.
Package microtype Info: No adjustment of character kerning.
 (C:\Users\Marc\Documents\MikeTeX\tex/latex/microtype\mt-bch.cfg
File: mt-bch.cfg 2007/03/03 v1.5 microtype config. file: Bitstream Charter (RS)
)
\ptxcd_headrule_box=\box66
Package scrbase Info: activating ngerman \ptxcd_byname on input line 67.
Package scrbase Info: activating ngerman \ptxcd_fromname on input line 67.
Package scrbase Info: activating ngerman \ptxcd_departmentprefix: on input line 67.
Package scrbase Info: activating ngerman \ptxcd_reviewname on input line 67.
Package scrbase Info: activating ngerman \ptxcd_examdatename on input line 67.
Package scrbase Info: activating ngerman \ptxcd_submissiondatename on input line 67.
Package scrbase Info: activating ngerman \ptxcd_studentIDname on input line 67.
Package scrbase Info: activating ngerman \ptxcd_thesisType on input line 67.
Package scrbase Info: activating ngerman \g__ptxcd_cc_attr_by: on input line 67.
Package scrbase Info: activating ngerman \g__ptxcd_cc_attr_nc: on input line 67.
Package scrbase Info: activating ngerman \g__ptxcd_cc_attr_sa: on input line 67.
Package scrbase Info: activating ngerman \g__ptxcd_cc_attr_nd: on input line 67.
Package scrbase Info: activating ngerman \g__ptxcd_cc_intro: on input line 67.
Package scrbase Info: activating ngerman \g__ptxcd_cc_sep: on input line 67.
Package scrbase Info: activating ngerman \researchgroupname on input line 67.
Package scrbase Info: activating ngerman \istitutename on input line 67.
Package scrbase Info: activating ngerman \authorandname on input line 67.
Package scrbase Info: activating ngerman \ptxcd_datename on input line 67.
Package hyperref Info: Link coloring OFF on input line 67.
 (c:\Users\Marc\Documents\GitHub\BachelorThesisLatex\main\.aux\main.out) (c:\Users\Marc\Documents\GitHub\BachelorThesisLatex\main\.aux\main.out)
\@outlinefile=\write5
\openout5 = `main.out'.

Class scrreprt Info: loading recommended package `bookmark'.
(scrreprt)           Using `bookmark' together with `hyperref' is recommended,
(scrreprt)           because of handling of possible bookmark level gaps.
(scrreprt)           You can avoid loading `bookmark' with KOMA-Script option
(scrreprt)           `bookmarkpackage=false' before \begin{document} and
(scrreprt)           you can avoid this message adding:
(scrreprt)             \usepackage{bookmark}
(scrreprt)           before \begin{document} on input line 67.
 (C:\Users\Marc\Documents\MikeTeX\tex/latex/bookmark\bookmark.sty
Package: bookmark 2020-11-06 v1.29 PDF bookmarks (HO)
 (C:\Users\Marc\Documents\MikeTeX\tex/latex/bookmark\bkm-pdftex.def
File: bkm-pdftex.def 2020-11-06 v1.29 bookmark driver for pdfTeX (HO)
\BKM@id=\count430
))
Package biblatex Info: Trying to load language 'ngerman'...
Package biblatex Info: ... file 'ngerman.lbx' found.
 (C:\Users\Marc\Documents\MikeTeX\tex/latex/biblatex/lbx\ngerman.lbx
File: ngerman.lbx 2023/03/05 v3.19 biblatex localization (PK/MW)
Package biblatex Info: Trying to load language 'german'...
Package biblatex Info: ... file 'german.lbx' found.
 (C:\Users\Marc\Documents\MikeTeX\tex/latex/biblatex/lbx\german.lbx
File: german.lbx 2023/03/05 v3.19 biblatex localization (PK/MW)
)
Package biblatex Info: Trying to load language 'german'...
Package biblatex Info: ... file 'german.lbx' found.
 (C:\Users\Marc\Documents\MikeTeX\tex/latex/biblatex/lbx\german.lbx
File: german.lbx 2023/03/05 v3.19 biblatex localization (PK/MW)
))
Package biblatex Info: Trying to load language 'english'...
Package biblatex Info: ... file 'english.lbx' found.
 (C:\Users\Marc\Documents\MikeTeX\tex/latex/biblatex/lbx\english.lbx
File: english.lbx 2023/03/05 v3.19 biblatex localization (PK/MW)
)
Package biblatex Info: Input encoding 'utf8' detected.
Package biblatex Info: Automatic encoding selection.
(biblatex)             Assuming data encoding 'utf8'.
\openout4 = `main.bcf'.

Package biblatex Info: Trying to load bibliographic data...
Package biblatex Info: ... file 'main.bbl' found.
 (main.bbl)
Package biblatex Info: Reference section=0 on input line 67.
Package biblatex Info: Reference segment=0 on input line 67.

Package tudapub/thesis Info: You submitted birthplace data for title
(tudapub/thesis)             information.
(tudapub/thesis)             This field is only used for type=dr/drfinal.
(tudapub/thesis)             It will be ignored.


Package tudapub/thesis Info: You submitted examdate data for title
(tudapub/thesis)             information.
(tudapub/thesis)             This field is only used for type=dr/drfinal.
(tudapub/thesis)             It will be ignored.

Package scrbase Info: activating ngerman \ptxcd_department: on input line 102.
Package scrbase Info: activating ngerman \departmentname on input line 102.
Package scrbase Info: activating ngerman \departmentfullname on input line 102.
Package scrbase Info: activating ngerman \ptxcd_departmentprefix: on input line 102.
Package scrbase Info: activating ngerman \ptxcd_in_department on input line 102.
\ptxcd_xmpdata_stream=\write6
\openout6 = `main.xmpdata'.

LaTeX Font Info:    Trying to load font information for T1+Roboto-LF on input line 102.
 (C:\Users\Marc\Documents\MikeTeX\tex/latex/roboto\t1roboto-lf.fd
File: T1Roboto-LF.fd 2019/12/11 (autoinst) Font definitions for T1/Roboto-LF.
)
LaTeX Font Info:    Font shape `T1/Roboto-LF/m/n' aliased to
(Font)              `T1/Roboto-LF/regular/n' on input line 102.
LaTeX Font Info:    Font shape `T1/Roboto-LF/regular/n' will be
(Font)              scaled to size 10.95pt on input line 102.
Package microtype Info: Loading generic protrusion settings for font family
(microtype)             `Roboto-LF' (encoding: T1).
(microtype)             For optimal results, create family-specific settings.
(microtype)             See the microtype manual for details.
LaTeX Font Info:    Font shape `T1/Roboto-LF/b/n' aliased to
(Font)              `T1/Roboto-LF/bold/n' on input line 102.
LaTeX Font Info:    Font shape `T1/Roboto-LF/bold/n' will be
(Font)              scaled to size 10.95pt on input line 102.
LaTeX Font Info:    Font shape `T1/Roboto-LF/b/n' aliased to
(Font)              `T1/Roboto-LF/bold/n' on input line 102.
LaTeX Font Info:    Font shape `T1/Roboto-LF/bold/n' will be
(Font)              scaled to size 36.0pt on input line 102.
LaTeX Font Info:    Trying to load font information for T1+Roboto-TLF on input line 102.
 (C:\Users\Marc\Documents\MikeTeX\tex/latex/roboto\t1roboto-tlf.fd
File: T1Roboto-TLF.fd 2019/12/11 (autoinst) Font definitions for T1/Roboto-TLF.
)
LaTeX Font Info:    Font shape `T1/Roboto-TLF/m/n' aliased to
(Font)              `T1/Roboto-TLF/regular/n' on input line 102.
LaTeX Font Info:    Font shape `T1/Roboto-TLF/regular/n' will be
(Font)              scaled to size 10.95pt on input line 102.
Package microtype Info: Loading generic protrusion settings for font family
(microtype)             `Roboto-TLF' (encoding: T1).
(microtype)             For optimal results, create family-specific settings.
(microtype)             See the microtype manual for details.
LaTeX Font Info:    Font shape `T1/Roboto-TLF/m/n' aliased to
(Font)              `T1/Roboto-TLF/regular/n' on input line 102.
LaTeX Font Info:    Font shape `T1/Roboto-TLF/regular/n' will be
(Font)              scaled to size 12.0pt on input line 102.
LaTeX Font Info:    Font shape `T1/Roboto-TLF/b/n' aliased to
(Font)              `T1/Roboto-TLF/bold/n' on input line 102.
LaTeX Font Info:    Font shape `T1/Roboto-TLF/bold/n' will be
(Font)              scaled to size 12.0pt on input line 102.
 (C:\Users\Marc\Documents\MikeTeX\tex/latex/microtype\mt-cmr.cfg
File: mt-cmr.cfg 2013/05/19 v2.2 microtype config. file: Computer Modern Roman (RS)
)
LaTeX Font Info:    External font `cmex10' loaded for size
(Font)              <12> on input line 102.
LaTeX Font Info:    External font `cmex10' loaded for size
(Font)              <8> on input line 102.
LaTeX Font Info:    External font `cmex10' loaded for size
(Font)              <6> on input line 102.
LaTeX Font Info:    Font shape `T1/Roboto-TLF/b/n' aliased to
(Font)              `T1/Roboto-TLF/bold/n' on input line 102.
LaTeX Font Info:    Font shape `T1/Roboto-TLF/bold/n' will be
(Font)              scaled to size 8.0pt on input line 102.
<tuda_logo.pdf, id=6, 156.48964pt x 62.59586pt>
File: tuda_logo.pdf Graphic file (type pdf)
<use tuda_logo.pdf>
Package pdftex.def Info: tuda_logo.pdf  used on input line 102.
(pdftex.def)             Requested size: 156.49402pt x 62.59605pt.
LaTeX Font Info:    External font `cmex10' loaded for size
(Font)              <10.95> on input line 102.
LaTeX Font Info:    Font shape `T1/XCharter-TLF/m/n' will be
(Font)              scaled to size 10.0pt on input line 102.
LaTeX Font Info:    Font shape `T1/Roboto-LF/m/n' aliased to
(Font)              `T1/Roboto-LF/regular/n' on input line 102.
LaTeX Font Info:    Font shape `T1/Roboto-LF/regular/n' will be
(Font)              scaled to size 10.0pt on input line 102.
 [1






 <./tuda_logo.pdf>]

Package typearea Warning: \typearea used at group level 2.
(typearea)                Using \typearea inside any group, e.g.
(typearea)                environments, math mode, boxes, etc. may result in
(typearea)                many type setting problems.
(typearea)                You should move the command \typearea
(typearea)                outside all groups on input line 102.

Package typearea Info: These are the values describing the layout:
(typearea)             DIV  = 10
(typearea)             BCOR = 0.0pt
(typearea)             \paperwidth      = 597.50793pt
(typearea)              \textwidth      = 418.25555pt
(typearea)              DIV departure   = -7%
(typearea)              \evensidemargin = 17.3562pt
(typearea)              \oddsidemargin  = 17.3562pt
(typearea)             \paperheight     = 845.04694pt
(typearea)              \textheight     = 514.20023pt
(typearea)              \topmargin      = 12.2347pt
(typearea)              \headheight     = 17.0pt
(typearea)              \headsep        = 20.40001pt
(typearea)              \topskip        = 11.0pt
(typearea)              \footskip       = 47.6pt
(typearea)              \baselineskip   = 13.6pt
(typearea)              on input line 102.
Package typearea Info: Using dirty hack to recalculate internal output
(typearea)             dimensions of LaTeX on input line 102.
Package typearea Info: These are the values describing the layout:
(typearea)             DIV  = 10
(typearea)             BCOR = 0.0pt
(typearea)             \paperwidth      = 597.50793pt
(typearea)              \textwidth      = 418.25555pt
(typearea)              DIV departure   = -7%
(typearea)              \evensidemargin = 17.3562pt
(typearea)              \oddsidemargin  = 17.3562pt
(typearea)             \paperheight     = 845.04694pt
(typearea)              \textheight     = 514.20023pt
(typearea)              \topmargin      = 12.2347pt
(typearea)              \headheight     = 17.0pt
(typearea)              \headsep        = 20.40001pt
(typearea)              \topskip        = 11.0pt
(typearea)              \footskip       = 47.6pt
(typearea)              \baselineskip   = 13.6pt
(typearea)              on input line 102.
Package typearea Info: Using dirty hack to recalculate internal output
(typearea)             dimensions of LaTeX on input line 102.
LaTeX Font Info:    Font shape `T1/Roboto-LF/b/n' aliased to
(Font)              `T1/Roboto-LF/bold/n' on input line 109.
LaTeX Font Info:    Font shape `T1/Roboto-LF/bold/n' will be
(Font)              scaled to size 12.0pt on input line 109.
LaTeX Font Info:    External font `cmex10' loaded for size
(Font)              <7> on input line 109.
LaTeX Font Info:    External font `cmex10' loaded for size
(Font)              <5> on input line 109.
[2




]
LaTeX Font Info:    Font shape `T1/Roboto-LF/b/n' aliased to
(Font)              `T1/Roboto-LF/bold/n' on input line 110.
LaTeX Font Info:    Font shape `T1/Roboto-LF/bold/n' will be
(Font)              scaled to size 20.74pt on input line 110.
Package tocbasic Info: character protrusion at toc deactivated on input line 110.
 (c:\Users\Marc\Documents\GitHub\BachelorThesisLatex\main\.aux\main.toc)
\tf@toc=\write7
\openout7 = `main.toc'.

 [3


]
chapter 1.
LaTeX Font Info:    Trying to load font information for T1+RobotoMono-TLF on input line 114.
(C:\Users\Marc\Documents\MikeTeX\tex/latex/roboto\t1robotomono-tlf.fd
File: T1RobotoMono-TLF.fd 2019/12/11 (autoinst) Font definitions for T1/RobotoMono-TLF.
)
LaTeX Font Info:    Font shape `T1/RobotoMono-TLF/m/n' aliased to
(Font)              `T1/RobotoMono-TLF/regular/n' on input line 114.
LaTeX Font Info:    Font shape `T1/RobotoMono-TLF/regular/n' will be
(Font)              scaled to size 10.95pt on input line 114.
Package microtype Info: Loading generic protrusion settings for font family
(microtype)             `RobotoMono-TLF' (encoding: T1).
(microtype)             For optimal results, create family-specific settings.
(microtype)             See the microtype manual for details.
LaTeX Font Info:    Font shape `T1/XCharter-TLF/m/n' will be
(Font)              scaled to size 8.0pt on input line 119.
 [4

] [5]
chapter 2.
LaTeX Font Info:    Font shape `T1/Roboto-LF/b/n' aliased to
(Font)              `T1/Roboto-LF/bold/n' on input line 161.
LaTeX Font Info:    Font shape `T1/Roboto-LF/bold/n' will be
(Font)              scaled to size 14.4pt on input line 161.
LaTeX Font Info:    External font `cmex10' loaded for size
(Font)              <14.4> on input line 161.
[6

] [7] [8]
Overfull \hbox (17.27486pt too wide) in paragraph at lines 247--250
\T1/XCharter-TLF/m/n/10.95 (-20) Vor-ein-stel-lung), [][]\T1/RobotoMono-TLF/regular/n/10.95 cc-by-4.0[]\T1/XCharter-TLF/m/n/10.95 (-20) , [][]\T1/RobotoMono-TLF/regular/n/10.95 cc-by-sa-4.0[]\T1/XCharter-TLF/m/n/10.95 (-20) , [][]\T1/RobotoMono-TLF/regular/n/10.95 cc-by-nc-sa-4.0[]\T1/XCharter-TLF/m/n/10.95 (-20) , [][]\T1/RobotoMono-TLF/regular/n/10.95 cc-by-nc-4.0[]\T1/XCharter-TLF/m/n/10.95 (-20) ,
 []

[9]
Overfull \hbox (8.13693pt too wide) in paragraph at lines 261--263
\T1/RobotoMono-TLF/regular/n/10.95 studieren / studierende _ tu / studienorganisation _ und _ tucan / hilfe _ und _
 []


Overfull \hbox (337.29353pt too wide) in paragraph at lines 277--277
[]\T1/RobotoMono-TLF/regular/n/10.95 \affidavit[affidavit=digital,signature=Signaturname,signature-image={\includegraphics[width=\width]{signaturbild}}][] 
 []

[10] [11]
Overfull \hbox (16.53763pt too wide) in paragraph at lines 319--320
\T1/XCharter-TLF/m/n/10.95 (-20) Die gilt ins-be-son-de-re fr die Op-tio-nen \T1/RobotoMono-TLF/regular/n/10.95 includehead\T1/XCharter-TLF/m/n/10.95 (-20) , \T1/RobotoMono-TLF/regular/n/10.95 includefoot \T1/XCharter-TLF/m/n/10.95 (-20) und \T1/RobotoMono-TLF/regular/n/10.95 includemp\T1/XCharter-TLF/m/n/10.95 (-20) . 
 []

[12]
LaTeX Font Info:    Trying to load font information for TS1+XCharter-TLF on input line 353.
 (C:\Users\Marc\Documents\MikeTeX\tex/latex/xcharter\ts1xcharter-tlf.fd
File: TS1XCharter-TLF.fd 2020/05/25 (msharpe) Font definitions for TS1/XCharter-TLF.
)
LaTeX Font Info:    Font shape `TS1/XCharter-TLF/m/n' will be
(Font)              scaled to size 10.95pt on input line 353.
Package microtype Info: Character `textbardbl ' is missing
(microtype)             in font `TS1/XCharter-TLF/m/n/10.95'.
(microtype)             Ignoring protrusion settings for this character.
Package microtype Info: Character `textcelsius ' is missing
(microtype)             in font `TS1/XCharter-TLF/m/n/10.95'.
(microtype)             Ignoring protrusion settings for this character.
 [13] [14] [15] [16]
LaTeX Font Info:    Font shape `T1/XCharter-TLF/m/it' will be
(Font)              scaled to size 10.95pt on input line 412.
LaTeX Font Info:    Font shape `T1/XCharter-TLF/m/sc' will be
(Font)              scaled to size 10.95pt on input line 412.
Package microtype Info: Character `029' is missing
(microtype)             in font `T1/XCharter-TLF/m/sc/10.95'.
(microtype)             Ignoring protrusion settings for this character.
LaTeX Font Info:    Font shape `T1/XCharter-TLF/m/it' will be
(Font)              scaled to size 8.0pt on input line 412.


Package tudapub Warning: You did not provide a Label for key introduction.
(tudapub)                Either you need to recompile your document or add a
(tudapub)                label using \IMRADlabel.


Package tudapub Warning: You did not provide a Label for key methods.
(tudapub)                Either you need to recompile your document or add a
(tudapub)                label using \IMRADlabel.


Package tudapub Warning: You did not provide a Label for key results.
(tudapub)                Either you need to recompile your document or add a
(tudapub)                label using \IMRADlabel.


Package tudapub Warning: You did not provide a Label for key discussion.
(tudapub)                Either you need to recompile your document or add a
(tudapub)                label using \IMRADlabel.

[17

] (c:\Users\Marc\Documents\GitHub\BachelorThesisLatex\main\.aux\main.aux)
 ***********
LaTeX2e <2023-06-01> patch level 1
L3 programming layer <2023-08-29>
 ***********
Package rerunfilecheck Info: File `main.out' has not changed.
(rerunfilecheck)             Checksum: D41D8CD98F00B204E9800998ECF8427E;0.
Package logreq Info: Writing requests to 'main.run.xml'.
\openout1 = `main.run.xml'.

 ) 
Here is how much of TeX's memory you used:
 33149 strings out of 475246
 671587 string characters out of 5763892
 1936785 words of memory out of 5000000
 53954 multiletter control sequences out of 15000+600000
 682868 words of font info for 221 fonts, out of 8000000 for 9000
 1143 hyphenation exceptions out of 8191
 122i,20n,121p,11007b,2465s stack positions out of 10000i,1000n,20000p,200000b,200000s
{C:/Users/Marc/Documents/MikeTeX/fonts/enc/dvips/xcharter/xch_yelf2i.enc}{C:/Users/Marc/Documents/MikeTeX/fonts/enc/dvips/xcharter/xch_rydp4l.enc}{C:/Users/Marc/Documents/MikeTeX/fonts/enc/dvips/xcharter/xch1_co4ru4.enc}{C:/Users/Marc/Documents/MikeTeX/fonts/enc/dvips/roboto/rbto_e24joy.enc}{C:/Users/Marc/Documents/MikeTeX/fonts/enc/dvips/roboto/rbto_4jpen6.enc}{C:/Users/Marc/Documents/MikeTeX/fonts/enc/dvips/roboto/rbto_b5rac7.enc}<C:/Users/Marc/Documents/MikeTeX/fonts/type1/google/roboto/Roboto-Bold.pfb><C:/Users/Marc/Documents/MikeTeX/fonts/type1/google/roboto/Roboto-Regular.pfb><C:/Users/Marc/Documents/MikeTeX/fonts/type1/google/roboto/RobotoMono-Regular.pfb><C:/Users/Marc/Documents/MikeTeX/fonts/type1/public/xcharter/XCharter-Italic.pfb><C:/Users/Marc/Documents/MikeTeX/fonts/type1/public/xcharter/XCharter-Roman.pfb><C:/Users/Marc/Documents/MikeTeX/fonts/type1/public/amsfonts/cm/cmsy10.pfb><C:/Users/Marc/Documents/MikeTeX/fonts/type1/urw/zapfding/uzdr.pfb>
Output written on c:\Users\Marc\Documents\GitHub\BachelorThesisLatex\main\.aux\main.pdf (17 pages, 779222 bytes).
PDF statistics:
 207 PDF objects out of 1000 (max. 8388607)
 31 named destinations out of 1000 (max. 500000)
 62034 words of extra memory for PDF output out of 74296 (max. 10000000)

